This file contains any messages produced by compilers while
running configure, to aid debugging if configure makes a mistake.

It was created by axyftp configure 0.5.1, which was
generated by GNU Autoconf 2.72.  Invocation command line was

  $ ./configure

## --------- ##
## Platform. ##
## --------- ##

hostname = pancakehut
uname -m = x86_64
uname -r = 6.7.9-amd64
uname -s = Linux
uname -v = #1 SMP PREEMPT_DYNAMIC Debian 6.7.9-2 (2024-03-13)

/usr/bin/uname -p = unknown
/bin/uname -X     = unknown

/bin/arch              = x86_64
/usr/bin/arch -k       = unknown
/usr/convex/getsysinfo = unknown
/usr/bin/hostinfo      = unknown
/bin/machine           = unknown
/usr/bin/oslevel       = unknown
/bin/universe          = unknown

PATH: /home/matt/.cargo/bin/
PATH: /home/matt/.local/bin/
PATH: /usr/local/bin/
PATH: /usr/bin/
PATH: /bin/
PATH: /usr/local/games/
PATH: /usr/games/
PATH: /home/matt/.local/bin/
PATH: /opt/schily/bin/
PATH: /home/matt/.local/bin/
PATH: /home/matt/.local/bin/


## ----------- ##
## Core tests. ##
## ----------- ##

configure:2289: looking for aux files: compile missing install-sh
configure:2302:  trying ././
configure:2331:   ././compile found
configure:2331:   ././missing found
configure:2313:   ././install-sh found
configure:2464: checking for a BSD-compatible install
configure:2538: result: /usr/bin/install -c
configure:2549: checking whether build environment is sane
configure:2604: result: yes
configure:2765: checking for a race-free mkdir -p
configure:2808: result: /usr/bin/mkdir -p
configure:2815: checking for gawk
configure:2836: found /usr/bin/gawk
configure:2848: result: gawk
configure:2859: checking whether make sets $(MAKE)
configure:2883: result: yes
configure:2913: checking whether make supports nested variables
configure:2932: result: yes
configure:3141: checking for gcc
configure:3162: found /usr/bin/gcc
configure:3174: result: gcc
configure:3533: checking for C compiler version
configure:3542: gcc --version >&5
gcc (Debian 14-20240330-1) 14.0.1 20240330 (experimental) [master r14-9728-g6fc84f680d0]
Copyright (C) 2024 Free Software Foundation, Inc.
This is free software; see the source for copying conditions.  There is NO
warranty; not even for MERCHANTABILITY or FITNESS FOR A PARTICULAR PURPOSE.

configure:3553: $? = 0
configure:3542: gcc -v >&5
Using built-in specs.
COLLECT_GCC=gcc
COLLECT_LTO_WRAPPER=/usr/libexec/gcc/x86_64-linux-gnu/14/lto-wrapper
OFFLOAD_TARGET_NAMES=nvptx-none:amdgcn-amdhsa
OFFLOAD_TARGET_DEFAULT=1
Target: x86_64-linux-gnu
Configured with: ../src/configure -v --with-pkgversion='Debian 14-20240330-1' --with-bugurl=file:///usr/share/doc/gcc-14/README.Bugs --enable-languages=c,ada,c++,go,d,fortran,objc,obj-c++,m2,rust --prefix=/usr --with-gcc-major-version-only --program-suffix=-14 --program-prefix=x86_64-linux-gnu- --enable-shared --enable-linker-build-id --libexecdir=/usr/libexec --without-included-gettext --enable-threads=posix --libdir=/usr/lib --enable-nls --enable-clocale=gnu --enable-libstdcxx-debug --enable-libstdcxx-time=yes --with-default-libstdcxx-abi=new --enable-libstdcxx-backtrace --enable-gnu-unique-object --disable-vtable-verify --enable-plugin --enable-default-pie --with-system-zlib --enable-libphobos-checking=release --with-target-system-zlib=auto --enable-objc-gc=auto --enable-multiarch --disable-werror --enable-cet --with-arch-32=i686 --with-abi=m64 --with-multilib-list=m32,m64,mx32 --enable-multilib --with-tune=generic --enable-offload-targets=nvptx-none=/build/reproducible-path/gcc-14-14-20240330/debian/tmp-nvptx/usr,amdgcn-amdhsa=/build/reproducible-path/gcc-14-14-20240330/debian/tmp-gcn/usr --enable-offload-defaulted --without-cuda-driver --enable-checking=yes,extra,rtl --build=x86_64-linux-gnu --host=x86_64-linux-gnu --target=x86_64-linux-gnu
Thread model: posix
Supported LTO compression algorithms: zlib zstd
gcc version 14.0.1 20240330 (experimental) [master r14-9728-g6fc84f680d0] (Debian 14-20240330-1) 
... rest of stderr output deleted ...
configure:3553: $? = 0
configure:3542: gcc -V >&5
gcc: error: unrecognized command-line option '-V'
gcc: fatal error: no input files
compilation terminated.
configure:3553: $? = 1
configure:3542: gcc -qversion >&5
gcc: error: unrecognized command-line option '-qversion'; did you mean '--version'?
gcc: fatal error: no input files
compilation terminated.
configure:3553: $? = 1
configure:3542: gcc -version >&5
gcc: error: unrecognized command-line option '-version'
gcc: fatal error: no input files
compilation terminated.
configure:3553: $? = 1
configure:3573: checking whether the C compiler works
configure:3595: gcc    conftest.c  >&5
configure:3599: $? = 0
configure:3650: result: yes
configure:3654: checking for C compiler default output file name
configure:3656: result: a.out
configure:3662: checking for suffix of executables
configure:3669: gcc -o conftest    conftest.c  >&5
configure:3673: $? = 0
configure:3697: result: 
configure:3721: checking whether we are cross compiling
configure:3729: gcc -o conftest    conftest.c  >&5
configure:3733: $? = 0
configure:3740: ./conftest
configure:3744: $? = 0
configure:3759: result: no
configure:3765: checking for suffix of object files
configure:3788: gcc -c   conftest.c >&5
configure:3792: $? = 0
configure:3816: result: o
configure:3820: checking whether the compiler supports GNU C
configure:3840: gcc -c   conftest.c >&5
configure:3840: $? = 0
configure:3852: result: yes
configure:3863: checking whether gcc accepts -g
configure:3884: gcc -c -g  conftest.c >&5
configure:3884: $? = 0
configure:3931: result: yes
configure:3951: checking for gcc option to enable C11 features
configure:3966: gcc  -c -g -O2  conftest.c >&5
configure:3966: $? = 0
configure:3985: result: none needed
configure:4109: checking whether gcc understands -c and -o together
configure:4132: gcc -c conftest.c -o conftest2.o
configure:4135: $? = 0
configure:4132: gcc -c conftest.c -o conftest2.o
configure:4135: $? = 0
configure:4148: result: yes
configure:4168: checking whether make supports the include directive
configure:4183: make -f confmf.GNU && cat confinc.out
this is the am__doit target
configure:4186: $? = 0
configure:4205: result: yes (GNU style)
configure:4231: checking dependency style of gcc
configure:4344: result: none
configure:4364: checking how to run the C preprocessor
configure:4390: gcc -E  conftest.c
configure:4390: $? = 0
configure:4406: gcc -E  conftest.c
conftest.c:12:10: fatal error: ac_nonexistent.h: No such file or directory
   12 | #include <ac_nonexistent.h>
      |          ^~~~~~~~~~~~~~~~~~
compilation terminated.
configure:4406: $? = 1
configure: failed program was:
| /* confdefs.h */
| #define PACKAGE_NAME "axyftp"
| #define PACKAGE_TARNAME "axyftp"
| #define PACKAGE_VERSION "0.5.1"
| #define PACKAGE_STRING "axyftp 0.5.1"
| #define PACKAGE_BUGREPORT ""
| #define PACKAGE_URL ""
| #define PACKAGE "axyftp"
| #define VERSION "0.5.1"
| #define XTHREADS /**/
| /* end confdefs.h.  */
| #include <ac_nonexistent.h>
configure:4435: result: gcc -E
configure:4449: gcc -E  conftest.c
configure:4449: $? = 0
configure:4465: gcc -E  conftest.c
conftest.c:12:10: fatal error: ac_nonexistent.h: No such file or directory
   12 | #include <ac_nonexistent.h>
      |          ^~~~~~~~~~~~~~~~~~
compilation terminated.
configure:4465: $? = 1
configure: failed program was:
| /* confdefs.h */
| #define PACKAGE_NAME "axyftp"
| #define PACKAGE_TARNAME "axyftp"
| #define PACKAGE_VERSION "0.5.1"
| #define PACKAGE_STRING "axyftp 0.5.1"
| #define PACKAGE_BUGREPORT ""
| #define PACKAGE_URL ""
| #define PACKAGE "axyftp"
| #define VERSION "0.5.1"
| #define XTHREADS /**/
| /* end confdefs.h.  */
| #include <ac_nonexistent.h>
configure:4498: checking whether make sets $(MAKE)
configure:4522: result: yes
configure:4557: gcc -c -g -O2  conftest.c >&5
configure:4557: $? = 0
configure:4570: checking for X
configure:4608: gcc -o conftest -g -O2   conftest.c -lX11  >&5
configure:4608: $? = 0
configure:4798: result: libraries , headers 
configure:4904: gcc -o conftest -g -O2   conftest.c   -lX11 >&5
configure:4904: $? = 0
configure:5020: checking for gethostbyname
configure:5020: gcc -o conftest -g -O2   conftest.c  >&5
configure:5020: $? = 0
configure:5020: result: yes
configure:5134: checking for connect
configure:5134: gcc -o conftest -g -O2   conftest.c  >&5
configure:5134: $? = 0
configure:5134: result: yes
configure:5192: checking for remove
configure:5192: gcc -o conftest -g -O2   conftest.c  >&5
configure:5192: $? = 0
configure:5192: result: yes
configure:5250: checking for shmat
configure:5250: gcc -o conftest -g -O2   conftest.c  >&5
configure:5250: $? = 0
configure:5250: result: yes
configure:5317: checking for IceConnectionNumber in -lICE
configure:5346: gcc -o conftest -g -O2   conftest.c -lICE   >&5
configure:5346: $? = 0
configure:5358: result: yes
configure:5371: checking for Motif
configure:5427: gcc -o conftest  -g -O2    conftest.c -lXm  -lXt  -lSM -lICE -lX11   >&5
configure:5427: $? = 0
configure:5573: result: libraries , headers 
configure:5582: checking for XPM
configure:5639: gcc -o conftest  -g -O2    conftest.c -lXpm  -lXt  -lSM -lICE -lX11   >&5
configure:5639: $? = 0
configure:5773: result: libraries , headers 
configure:5781: checking for X, Motif, and XPM
configure:5811: result: yes
configure:5920: checking that generated files are newer than configure
configure:5926: result: done
configure:5949: creating ./config.status

## ---------------------- ##
## Running config.status. ##
## ---------------------- ##

This file was extended by axyftp config.status 0.5.1, which was
generated by GNU Autoconf 2.72.  Invocation command line was

  CONFIG_FILES    = 
  CONFIG_HEADERS  = 
  CONFIG_LINKS    = 
  CONFIG_COMMANDS = 
  $ ./config.status 

on pancakehut

config.status:850: creating Makefile
config.status:850: creating config.h
config.status:1031: config.h is unchanged
config.status:1079: executing depfiles commands

## ---------------- ##
## Cache variables. ##
## ---------------- ##

ac_cv_c_compiler_gnu=yes
ac_cv_env_CC_set=
ac_cv_env_CC_value=
ac_cv_env_CFLAGS_set=
ac_cv_env_CFLAGS_value=
ac_cv_env_CPPFLAGS_set=
ac_cv_env_CPPFLAGS_value=
ac_cv_env_CPP_set=
ac_cv_env_CPP_value=
ac_cv_env_LDFLAGS_set=
ac_cv_env_LDFLAGS_value=
ac_cv_env_LIBS_set=
ac_cv_env_LIBS_value=
ac_cv_env_XMKMF_set=
ac_cv_env_XMKMF_value=
ac_cv_env_build_alias_set=
ac_cv_env_build_alias_value=
ac_cv_env_host_alias_set=
ac_cv_env_host_alias_value=
ac_cv_env_target_alias_set=
ac_cv_env_target_alias_value=
ac_cv_func_connect=yes
ac_cv_func_gethostbyname=yes
ac_cv_func_remove=yes
ac_cv_func_shmat=yes
ac_cv_have_x='have_x=yes	ac_x_includes='\'''\''	ac_x_libraries='\'''\'''
ac_cv_lib_ICE_IceConnectionNumber=yes
ac_cv_objext=o
ac_cv_path_install='/usr/bin/install -c'
ac_cv_path_mkdir=/usr/bin/mkdir
ac_cv_path_motif='no_motif= ac_motif_includes= ac_motif_libraries='
ac_cv_path_xpm='no_xpm= ac_xpm_includes= ac_xpm_libraries='
ac_cv_prog_AWK=gawk
ac_cv_prog_CPP='gcc -E'
ac_cv_prog_ac_ct_CC=gcc
ac_cv_prog_cc_c11=
ac_cv_prog_cc_g=yes
ac_cv_prog_cc_stdc=
ac_cv_prog_make_make_set=yes
am_cv_CC_dependencies_compiler_type=none
am_cv_make_support_nested_variables=yes
am_cv_prog_cc_c_o=yes
ax_cv_motif=yes
ax_cv_x11=yes
ax_cv_xpm=yes

## ----------------- ##
## Output variables. ##
## ----------------- ##

ACLOCAL='${SHELL} '\''/home/matt/axyftp/missing'\'' aclocal-1.16'
AMDEPBACKSLASH='\'
AMDEP_FALSE='#'
AMDEP_TRUE=''
AMTAR='$${TAR-tar}'
AM_BACKSLASH='\'
AM_DEFAULT_V='$(AM_DEFAULT_VERBOSITY)'
AM_DEFAULT_VERBOSITY='1'
AM_V='$(V)'
AUTOCONF='${SHELL} '\''/home/matt/axyftp/missing'\'' autoconf'
AUTOHEADER='${SHELL} '\''/home/matt/axyftp/missing'\'' autoheader'
AUTOMAKE='${SHELL} '\''/home/matt/axyftp/missing'\'' automake-1.16'
AWK='gawk'
CC='gcc'
CCDEPMODE='depmode=none'
CFLAGS='-g -O2'
CPP='gcc -E'
CPPFLAGS=''
CSCOPE='cscope'
CTAGS='ctags'
CYGPATH_W='echo'
DEFS='-DHAVE_CONFIG_H'
DEPDIR='.deps'
ECHO_C=''
ECHO_N='-n'
ECHO_T=''
ETAGS='etags'
EXEEXT=''
INSTALL_DATA='${INSTALL} -m 644'
INSTALL_PROGRAM='${INSTALL}'
INSTALL_SCRIPT='${INSTALL}'
INSTALL_STRIP_PROGRAM='$(install_sh) -c -s'
LDFLAGS=''
LIBOBJS=''
LIBS=''
LTLIBOBJS=''
MAKEINFO='${SHELL} '\''/home/matt/axyftp/missing'\'' makeinfo'
MKDIR_P='/usr/bin/mkdir -p'
MOTIF_CFLAGS=''
MOTIF_LIBS='-lXm'
OBJEXT='o'
PACKAGE='axyftp'
PACKAGE_BUGREPORT=''
PACKAGE_NAME='axyftp'
PACKAGE_STRING='axyftp 0.5.1'
PACKAGE_TARNAME='axyftp'
PACKAGE_URL=''
PACKAGE_VERSION='0.5.1'
PATH_SEPARATOR=':'
SET_MAKE=''
SHELL='/bin/bash'
STRIP=''
VERSION='0.5.1'
XMKMF=''
XPM_CFLAGS=''
XPM_LIBS='-lXpm'
X_CFLAGS=''
X_EXTRA_LIBS=''
X_LIBS=''
X_PRE_LIBS=' -lSM -lICE'
ac_ct_CC='gcc'
am__EXEEXT_FALSE=''
am__EXEEXT_TRUE='#'
am__fastdepCC_FALSE=''
am__fastdepCC_TRUE='#'
am__include='include'
am__isrc=''
am__leading_dot='.'
am__nodep='_no'
am__quote=''
am__tar='$${TAR-tar} chof - "$$tardir"'
am__untar='$${TAR-tar} xf -'
bindir='${exec_prefix}/bin'
build_alias=''
datadir='${datarootdir}'
datarootdir='${prefix}/share'
docdir='${datarootdir}/doc/${PACKAGE_TARNAME}'
dvidir='${docdir}'
exec_prefix='${prefix}'
host_alias=''
htmldir='${docdir}'
includedir='${prefix}/include'
infodir='${datarootdir}/info'
install_sh='${SHELL} /home/matt/axyftp/install-sh'
libdir='${exec_prefix}/lib'
libexecdir='${exec_prefix}/libexec'
localedir='${datarootdir}/locale'
localstatedir='${prefix}/var'
mandir='${datarootdir}/man'
mkdir_p='$(MKDIR_P)'
oldincludedir='/usr/include'
pdfdir='${docdir}'
prefix='/usr/local'
program_transform_name='s,x,x,'
psdir='${docdir}'
runstatedir='${localstatedir}/run'
sbindir='${exec_prefix}/sbin'
sharedstatedir='${prefix}/com'
sysconfdir='${prefix}/etc'
target_alias=''

## ----------- ##
## confdefs.h. ##
## ----------- ##

/* confdefs.h */
#define PACKAGE_NAME "axyftp"
#define PACKAGE_TARNAME "axyftp"
#define PACKAGE_VERSION "0.5.1"
#define PACKAGE_STRING "axyftp 0.5.1"
#define PACKAGE_BUGREPORT ""
#define PACKAGE_URL ""
#define PACKAGE "axyftp"
#define VERSION "0.5.1"
#define XTHREADS /**/

configure: exit 0

## ---------------------- ##
## Running config.status. ##
## ---------------------- ##

This file was extended by axyftp config.status 0.5.1, which was
generated by GNU Autoconf 2.72.  Invocation command line was

  CONFIG_FILES    = xpms/Makefile
  CONFIG_HEADERS  = 
  CONFIG_LINKS    = 
  CONFIG_COMMANDS = 
  $ ./config.status 

on pancakehut

config.status:850: creating xpms/Makefile
config.status:958: WARNING:  'xpms/Makefile.in' seems to ignore the --datarootdir setting
config.status:1079: executing depfiles commands
