This file contains any messages produced by compilers while
running configure, to aid debugging if configure makes a mistake.

It was created by configure, which was
generated by GNU Autoconf 2.72.  Invocation command line was

  $ ./configure --no-create --no-recursion

## --------- ##
## Platform. ##
## --------- ##

hostname = pancakehut
uname -m = x86_64
uname -r = 6.7.9-amd64
uname -s = Linux
uname -v = #1 SMP PREEMPT_DYNAMIC Debian 6.7.9-2 (2024-03-13)

/usr/bin/uname -p = unknown
/bin/uname -X     = unknown

/bin/arch              = x86_64
/usr/bin/arch -k       = unknown
/usr/convex/getsysinfo = unknown
/usr/bin/hostinfo      = unknown
/bin/machine           = unknown
/usr/bin/oslevel       = unknown
/bin/universe          = unknown

PATH: /home/matt/.cargo/bin/
PATH: /home/matt/.local/bin/
PATH: /usr/local/bin/
PATH: /usr/bin/
PATH: /bin/
PATH: /usr/local/games/
PATH: /usr/games/
PATH: /home/matt/.local/bin/
PATH: /opt/schily/bin/
PATH: /home/matt/.local/bin/
PATH: /home/matt/.local/bin/


## ----------- ##
## Core tests. ##
## ----------- ##

configure:2250: looking for aux files: install-sh
configure:2263:  trying ././
configure:2274:   ././install-sh found
configure:2421: checking for a BSD-compatible install
configure:2495: result: /usr/bin/install -c
configure:2506: checking whether build environment is sane
configure:2543: result: yes
configure:2555: checking whether make sets $(MAKE)
configure:2579: result: yes
configure:2605: checking for working aclocal-1.4
configure:2616: result: missing
configure:2620: checking for working autoconf
configure:2627: result: found
configure:2635: checking for working automake-1.4
configure:2646: result: missing
configure:2650: checking for working autoheader
configure:2657: result: found
configure:2665: checking for working makeinfo
configure:2672: result: found
configure:2746: checking for gcc
configure:2767: found /usr/bin/gcc
configure:2779: result: gcc
configure:3138: checking for C compiler version
configure:3147: gcc --version >&5
gcc (Debian 14-20240330-1) 14.0.1 20240330 (experimental) [master r14-9728-g6fc84f680d0]
Copyright (C) 2024 Free Software Foundation, Inc.
This is free software; see the source for copying conditions.  There is NO
warranty; not even for MERCHANTABILITY or FITNESS FOR A PARTICULAR PURPOSE.

configure:3158: $? = 0
configure:3147: gcc -v >&5
Using built-in specs.
COLLECT_GCC=gcc
COLLECT_LTO_WRAPPER=/usr/libexec/gcc/x86_64-linux-gnu/14/lto-wrapper
OFFLOAD_TARGET_NAMES=nvptx-none:amdgcn-amdhsa
OFFLOAD_TARGET_DEFAULT=1
Target: x86_64-linux-gnu
Configured with: ../src/configure -v --with-pkgversion='Debian 14-20240330-1' --with-bugurl=file:///usr/share/doc/gcc-14/README.Bugs --enable-languages=c,ada,c++,go,d,fortran,objc,obj-c++,m2,rust --prefix=/usr --with-gcc-major-version-only --program-suffix=-14 --program-prefix=x86_64-linux-gnu- --enable-shared --enable-linker-build-id --libexecdir=/usr/libexec --without-included-gettext --enable-threads=posix --libdir=/usr/lib --enable-nls --enable-clocale=gnu --enable-libstdcxx-debug --enable-libstdcxx-time=yes --with-default-libstdcxx-abi=new --enable-libstdcxx-backtrace --enable-gnu-unique-object --disable-vtable-verify --enable-plugin --enable-default-pie --with-system-zlib --enable-libphobos-checking=release --with-target-system-zlib=auto --enable-objc-gc=auto --enable-multiarch --disable-werror --enable-cet --with-arch-32=i686 --with-abi=m64 --with-multilib-list=m32,m64,mx32 --enable-multilib --with-tune=generic --enable-offload-targets=nvptx-none=/build/reproducible-path/gcc-14-14-20240330/debian/tmp-nvptx/usr,amdgcn-amdhsa=/build/reproducible-path/gcc-14-14-20240330/debian/tmp-gcn/usr --enable-offload-defaulted --without-cuda-driver --enable-checking=yes,extra,rtl --build=x86_64-linux-gnu --host=x86_64-linux-gnu --target=x86_64-linux-gnu
Thread model: posix
Supported LTO compression algorithms: zlib zstd
gcc version 14.0.1 20240330 (experimental) [master r14-9728-g6fc84f680d0] (Debian 14-20240330-1) 
... rest of stderr output deleted ...
configure:3158: $? = 0
configure:3147: gcc -V >&5
gcc: error: unrecognized command-line option '-V'
gcc: fatal error: no input files
compilation terminated.
configure:3158: $? = 1
configure:3147: gcc -qversion >&5
gcc: error: unrecognized command-line option '-qversion'; did you mean '--version'?
gcc: fatal error: no input files
compilation terminated.
configure:3158: $? = 1
configure:3147: gcc -version >&5
gcc: error: unrecognized command-line option '-version'
gcc: fatal error: no input files
compilation terminated.
configure:3158: $? = 1
configure:3178: checking whether the C compiler works
configure:3200: gcc    conftest.c  >&5
configure:3204: $? = 0
configure:3255: result: yes
configure:3259: checking for C compiler default output file name
configure:3261: result: a.out
configure:3267: checking for suffix of executables
configure:3274: gcc -o conftest    conftest.c  >&5
configure:3278: $? = 0
configure:3302: result: 
configure:3326: checking whether we are cross compiling
configure:3334: gcc -o conftest    conftest.c  >&5
configure:3338: $? = 0
configure:3345: ./conftest
configure:3349: $? = 0
configure:3364: result: no
configure:3370: checking for suffix of object files
configure:3393: gcc -c   conftest.c >&5
configure:3397: $? = 0
configure:3421: result: o
configure:3425: checking whether the compiler supports GNU C
configure:3445: gcc -c   conftest.c >&5
configure:3445: $? = 0
configure:3457: result: yes
configure:3468: checking whether gcc accepts -g
configure:3489: gcc -c -g  conftest.c >&5
configure:3489: $? = 0
configure:3536: result: yes
configure:3556: checking for gcc option to enable C11 features
configure:3571: gcc  -c -g -O2  conftest.c >&5
configure:3571: $? = 0
configure:3590: result: none needed
configure:3712: checking for gcc option to accept ANSI C
configure:3770: gcc  -c -g -O2  conftest.c >&5
configure:3770: $? = 0
configure:3782: result: none needed
configure:3802: checking how to run the C preprocessor
configure:3828: gcc -E  conftest.c
configure:3828: $? = 0
configure:3844: gcc -E  conftest.c
conftest.c:11:10: fatal error: ac_nonexistent.h: No such file or directory
   11 | #include <ac_nonexistent.h>
      |          ^~~~~~~~~~~~~~~~~~
compilation terminated.
configure:3844: $? = 1
configure: failed program was:
| /* confdefs.h */
| #define PACKAGE_NAME ""
| #define PACKAGE_TARNAME ""
| #define PACKAGE_VERSION ""
| #define PACKAGE_STRING ""
| #define PACKAGE_BUGREPORT ""
| #define PACKAGE_URL ""
| #define PACKAGE "DtWidget"
| #define VERSION "1.4.0"
| /* end confdefs.h.  */
| #include <ac_nonexistent.h>
configure:3873: result: gcc -E
configure:3887: gcc -E  conftest.c
configure:3887: $? = 0
configure:3903: gcc -E  conftest.c
conftest.c:11:10: fatal error: ac_nonexistent.h: No such file or directory
   11 | #include <ac_nonexistent.h>
      |          ^~~~~~~~~~~~~~~~~~
compilation terminated.
configure:3903: $? = 1
configure: failed program was:
| /* confdefs.h */
| #define PACKAGE_NAME ""
| #define PACKAGE_TARNAME ""
| #define PACKAGE_VERSION ""
| #define PACKAGE_STRING ""
| #define PACKAGE_BUGREPORT ""
| #define PACKAGE_URL ""
| #define PACKAGE "DtWidget"
| #define VERSION "1.4.0"
| /* end confdefs.h.  */
| #include <ac_nonexistent.h>
configure:3936: checking whether make sets $(MAKE)
configure:3960: result: yes
configure:4018: checking for ranlib
configure:4039: found /usr/bin/ranlib
configure:4051: result: ranlib
configure:4075: checking for X
configure:4113: gcc -o conftest -g -O2   conftest.c -lX11  >&5
configure:4113: $? = 0
configure:4303: result: libraries , headers 
configure:4409: gcc -o conftest -g -O2   conftest.c   -lX11 >&5
configure:4409: $? = 0
configure:4525: checking for gethostbyname
configure:4525: gcc -o conftest -g -O2   conftest.c  >&5
configure:4525: $? = 0
configure:4525: result: yes
configure:4639: checking for connect
configure:4639: gcc -o conftest -g -O2   conftest.c  >&5
configure:4639: $? = 0
configure:4639: result: yes
configure:4697: checking for remove
configure:4697: gcc -o conftest -g -O2   conftest.c  >&5
configure:4697: $? = 0
configure:4697: result: yes
configure:4755: checking for shmat
configure:4755: gcc -o conftest -g -O2   conftest.c  >&5
configure:4755: $? = 0
configure:4755: result: yes
configure:4822: checking for IceConnectionNumber in -lICE
configure:4851: gcc -o conftest -g -O2   conftest.c -lICE   >&5
configure:4851: $? = 0
configure:4863: result: yes
configure:4879: checking whether libXt was compiled with -DXTHREADS
configure:4902: gcc -o conftest -g -O2 -I -L conftest.c -lXt -lSM -lICE -lX11 >&5
conftest.c: In function 'main':
conftest.c:15:1: error: implicit declaration of function '_XtProcessLock' [-Wimplicit-function-declaration]
   15 | _XtProcessLock()
      | ^~~~~~~~~~~~~~
configure:4902: $? = 1
configure: failed program was:
| /* confdefs.h */
| #define PACKAGE_NAME ""
| #define PACKAGE_TARNAME ""
| #define PACKAGE_VERSION ""
| #define PACKAGE_STRING ""
| #define PACKAGE_BUGREPORT ""
| #define PACKAGE_URL ""
| #define PACKAGE "DtWidget"
| #define VERSION "1.4.0"
| /* end confdefs.h.  */
| 
| int
| main (void)
| {
| _XtProcessLock()
|   ;
|   return 0;
| }
configure:4914: result: no
configure:4926: checking for Motif
configure:4983: gcc -o conftest  -g -O2    conftest.c -lXm  -lXt  -lSM -lICE -lX11   >&5
configure:4983: $? = 0
configure:5129: result: libraries , headers 
configure:5320: creating ./config.status

## ---------------- ##
## Cache variables. ##
## ---------------- ##

ac_cv_c_compiler_gnu='yes'
ac_cv_env_CC_set=''
ac_cv_env_CC_value=''
ac_cv_env_CFLAGS_set=''
ac_cv_env_CFLAGS_value=''
ac_cv_env_CPPFLAGS_set=''
ac_cv_env_CPPFLAGS_value=''
ac_cv_env_CPP_set=''
ac_cv_env_CPP_value=''
ac_cv_env_LDFLAGS_set=''
ac_cv_env_LDFLAGS_value=''
ac_cv_env_LIBS_set=''
ac_cv_env_LIBS_value=''
ac_cv_env_XMKMF_set=''
ac_cv_env_XMKMF_value=''
ac_cv_env_build_alias_set=''
ac_cv_env_build_alias_value=''
ac_cv_env_host_alias_set=''
ac_cv_env_host_alias_value=''
ac_cv_env_target_alias_set=''
ac_cv_env_target_alias_value=''
ac_cv_func_connect='yes'
ac_cv_func_gethostbyname='yes'
ac_cv_func_remove='yes'
ac_cv_func_shmat='yes'
ac_cv_have_x='have_x=yes	ac_x_includes='"''"'	ac_x_libraries='"''"
ac_cv_lib_ICE_IceConnectionNumber='yes'
ac_cv_objext='o'
ac_cv_path_install='/usr/bin/install -c'
ac_cv_path_motif='no_motif= ac_motif_includes= ac_motif_libraries='
ac_cv_prog_CPP='gcc -E'
ac_cv_prog_ac_ct_CC='gcc'
ac_cv_prog_ac_ct_RANLIB='ranlib'
ac_cv_prog_cc_c11=''
ac_cv_prog_cc_g='yes'
ac_cv_prog_cc_stdc=''
ac_cv_prog_make_make_set='yes'
am_cv_prog_cc_stdc=''
axy_cv_xthreads='no'

## ----------------- ##
## Output variables. ##
## ----------------- ##

ACLOCAL='/home/matt/axyftp/dtwidget/missing aclocal-1.4'
AUTOCONF='autoconf'
AUTOHEADER='autoheader'
AUTOMAKE='/home/matt/axyftp/dtwidget/missing automake-1.4'
AXY_DIRINC='$(AXY_DIRINC)'
AXY_H=''
AXY_L=''
CC='gcc'
CFLAGS='-g -O2'
CPP='gcc -E'
CPPFLAGS=''
DEFS='-DPACKAGE_NAME=\"\" -DPACKAGE_TARNAME=\"\" -DPACKAGE_VERSION=\"\" -DPACKAGE_STRING=\"\" -DPACKAGE_BUGREPORT=\"\" -DPACKAGE_URL=\"\" -DPACKAGE=\"DtWidget\" -DVERSION=\"1.4.0\"'
ECHO_C=''
ECHO_N='-n'
ECHO_T=''
EXEEXT=''
INSTALL_AXY_H='$(EXTRA_HEADERS)'
INSTALL_AXY_L='$(EXTRA_LIBRARIES)'
INSTALL_DATA='${INSTALL} -m 644'
INSTALL_PROGRAM='${INSTALL}'
INSTALL_SCRIPT='${INSTALL}'
LDFLAGS=''
LIBOBJS=''
LIBS=''
LTLIBOBJS=''
MAKEINFO='makeinfo'
MOTIF_CFLAGS=''
MOTIF_LIBS='-lXm'
OBJEXT='o'
PACKAGE='DtWidget'
PACKAGE_BUGREPORT=''
PACKAGE_NAME=''
PACKAGE_STRING=''
PACKAGE_TARNAME=''
PACKAGE_URL=''
PACKAGE_VERSION=''
PATH_SEPARATOR=':'
RANLIB='ranlib'
SET_MAKE=''
SHELL='/bin/sh'
VERSION='1.4.0'
XMKMF=''
X_CFLAGS=''
X_EXTRA_LIBS=''
X_LIBS=''
X_PRE_LIBS=' -lSM -lICE'
ac_ct_CC='gcc'
bindir='${exec_prefix}/bin'
build_alias=''
datadir='${datarootdir}'
datarootdir='${prefix}/share'
docdir='${datarootdir}/doc/${PACKAGE}'
dvidir='${docdir}'
exec_prefix='${prefix}'
host_alias=''
htmldir='${docdir}'
includedir='${prefix}/include'
infodir='${datarootdir}/info'
libdir='${exec_prefix}/lib'
libexecdir='${exec_prefix}/libexec'
localedir='${datarootdir}/locale'
localstatedir='${prefix}/var'
mandir='${datarootdir}/man'
oldincludedir='/usr/include'
pdfdir='${docdir}'
prefix='/usr/local'
program_transform_name='s,x,x,'
psdir='${docdir}'
runstatedir='${localstatedir}/run'
sbindir='${exec_prefix}/sbin'
sharedstatedir='${prefix}/com'
sysconfdir='${prefix}/etc'
target_alias=''

## ----------- ##
## confdefs.h. ##
## ----------- ##

/* confdefs.h */
#define PACKAGE_NAME ""
#define PACKAGE_TARNAME ""
#define PACKAGE_VERSION ""
#define PACKAGE_STRING ""
#define PACKAGE_BUGREPORT ""
#define PACKAGE_URL ""
#define PACKAGE "DtWidget"
#define VERSION "1.4.0"

configure: exit 0

## ---------------------- ##
## Running config.status. ##
## ---------------------- ##

This file was extended by config.status, which was
generated by GNU Autoconf 2.72.  Invocation command line was

  CONFIG_FILES    = Makefile
  CONFIG_HEADERS  = 
  CONFIG_LINKS    = 
  CONFIG_COMMANDS = 
  $ ./config.status 

on pancakehut

config.status:6133: creating Makefile
config.status:6239: WARNING:  'Makefile.in' seems to ignore the --datarootdir setting

## ---------------------- ##
## Running config.status. ##
## ---------------------- ##

This file was extended by config.status, which was
generated by GNU Autoconf 2.72.  Invocation command line was

  CONFIG_FILES    = Dt/Makefile
  CONFIG_HEADERS  = 
  CONFIG_LINKS    = 
  CONFIG_COMMANDS = 
  $ ./config.status 

on pancakehut

config.status:6133: creating Dt/Makefile
config.status:6239: WARNING:  'Dt/Makefile.in' seems to ignore the --datarootdir setting
